
**** Build of configuration Nios II for project experiment3b ****

make all 
Info: Building ../experiment3b_bsp/
make --no-print-directory -C ../experiment3b_bsp/
[BSP build complete]
Info: Compiling experiment3b.c to obj/default/experiment3b.o
nios2-elf-gcc -xc -MP -MMD -c -I../experiment3b_bsp//HAL/inc -I../experiment3b_bsp/ -I../experiment3b_bsp//drivers/inc  -DSYSTEM_BUS_WIDTH=32 -pipe -D__hal__ -DALT_NO_C_PLUS_PLUS -DALT_NO_CLEAN_EXIT -DALT_NO_EXIT -DALT_USE_DIRECT_DRIVERS -DALT_NO_INSTRUCTION_EMULATION -DALT_USE_SMALL_DRIVERS -DSMALL_C_LIB -DALT_SINGLE_THREADED    -Os -g -Wall   -EL -mhw-div -mhw-mul -mno-hw-mulx  -o obj/default/experiment3b.o experiment3b.c
experiment3b.c:43: warning: initialization makes pointer from integer without a cast
experiment3b.c: In function 'md5_update':
experiment3b.c:148: warning: unused variable 't'
Info: Linking experiment3b.elf
experiment3b.c: In function 'md5_final':
nios2-elf-g++  -T'../experiment3b_bsp//linker.x' -msys-crt0='../experiment3b_bsp//obj/HAL/src/crt0.o' -msys-lib=hal_bsp -L../experiment3b_bsp/  -Wl,--defsym,exit=_exit -msmallc  -Wl,-Map=experiment3b.map   -Os -g -Wall   -EL -mhw-div -mhw-mul -mno-hw-mulx  -o experiment3b.elf obj/default/experiment3b.o -lm 
experiment3b.c:178: warning: implicit declaration of function 'memset'
nios2-elf-insert experiment3b.elf --thread_model hal --cpu_name cpu_0 --qsys true --simulation_enabled false --stderr_dev jtag_uart_0 --stdin_dev jtag_uart_0 --stdout_dev jtag_uart_0 --sopc_system_name experiment3b --quartus_project_dir "/home/ECE/howlam/Desktop/coe4ds4_lab3_2018_working_directory/exercise3/experiment3b" --sopcinfo /home/ECE/howlam/Desktop/coe4ds4_lab3_2018_working_directory/exercise3/experiment3b/software/experiment3b_bsp/../../experiment3b.sopcinfo
Info: (experiment3b.elf) 10 KBytes program size (code + initialized data).
experiment3b.c:178: warning: incompatible implicit declaration of built-in function 'memset'
Info:                    5500 Bytes free for stack + heap.
experiment3b.c: In function 'findStringEqual33':
Info: Creating experiment3b.objdump
experiment3b.c:234: warning: implicit declaration of function 'strlen'
nios2-elf-objdump --disassemble --syms --all-header --source experiment3b.elf >experiment3b.objdump
experiment3b.c:234: warning: incompatible implicit declaration of built-in function 'strlen'
[experiment3b build complete]
experiment3b.c:234: warning: pointer targets in passing argument 1 of 'strlen' differ in signedness
experiment3b.c:274: warning: pointer targets in passing argument 1 of 'strlen' differ in signedness
experiment3b.c:219: warning: unused variable 'i'
experiment3b.c: In function 'main':
experiment3b.c:323: warning: incompatible implicit declaration of built-in function 'strlen'
experiment3b.c:323: warning: pointer targets in passing argument 1 of 'strlen' differ in signedness
experiment3b.c:338: warning: pointer targets in passing argument 1 of 'strlen' differ in signedness
experiment3b.c:351: warning: pointer targets in passing argument 1 of 'strlen' differ in signedness
experiment3b.c:364: warning: pointer targets in passing argument 1 of 'strlen' differ in signedness
experiment3b.c:377: warning: pointer targets in passing argument 1 of 'strlen' differ in signedness
experiment3b.c:390: warning: pointer targets in passing argument 1 of 'strlen' differ in signedness
experiment3b.c:403: warning: pointer targets in passing argument 1 of 'strlen' differ in signedness
experiment3b.c:413: warning: format '%d' expects type 'int', but argument 2 has type 'alt_u64'
experiment3b.c:413: warning: format '%d' expects type 'int', but argument 2 has type 'alt_u64'
experiment3b.c:414: warning: format '%d' expects type 'int', but argument 2 has type 'alt_u64'
experiment3b.c:414: warning: format '%d' expects type 'int', but argument 2 has type 'alt_u64'
experiment3b.c:415: warning: format '%d' expects type 'int', but argument 2 has type 'alt_u64'
experiment3b.c:415: warning: format '%d' expects type 'int', but argument 2 has type 'alt_u64'
experiment3b.c:416: warning: format '%d' expects type 'int', but argument 2 has type 'alt_u64'
experiment3b.c:416: warning: format '%d' expects type 'int', but argument 2 has type 'alt_u64'
experiment3b.c:417: warning: format '%d' expects type 'int', but argument 2 has type 'alt_u64'
experiment3b.c:417: warning: format '%d' expects type 'int', but argument 2 has type 'alt_u64'
experiment3b.c:418: warning: format '%d' expects type 'int', but argument 2 has type 'alt_u64'
experiment3b.c:418: warning: format '%d' expects type 'int', but argument 2 has type 'alt_u64'
experiment3b.c:419: warning: format '%d' expects type 'int', but argument 2 has type 'alt_u64'
experiment3b.c:419: warning: format '%d' expects type 'int', but argument 2 has type 'alt_u64'
experiment3b.c:425: warning: pointer targets in passing argument 1 of 'strlen' differ in signedness
