
**** Build of configuration Nios II for project experiment3c ****

make all 
Info: Building ../experiment3c_bsp/
make --no-print-directory -C ../experiment3c_bsp/
[BSP build complete]
Info: Compiling experiment3c.c to obj/default/experiment3c.o
nios2-elf-gcc -xc -MP -MMD -c -I../experiment3c_bsp//HAL/inc -I../experiment3c_bsp/ -I../experiment3c_bsp//drivers/inc  -DSYSTEM_BUS_WIDTH=32 -pipe -D__hal__ -DALT_NO_C_PLUS_PLUS -DALT_NO_CLEAN_EXIT -DALT_NO_EXIT -DALT_USE_DIRECT_DRIVERS -DALT_NO_INSTRUCTION_EMULATION -DALT_USE_SMALL_DRIVERS -DSMALL_C_LIB -DALT_SINGLE_THREADED    -Os -g -Wall   -EL -mhw-div -mhw-mul -mno-hw-mulx  -o obj/default/experiment3c.o experiment3c.c
experiment3c.c:17: warning: 'hitCount' initialized and declared 'extern'
experiment3c.c:45: warning: initialization makes pointer from integer without a cast
experiment3c.c: In function 'md5_update':
experiment3c.c:148: warning: unused variable 't'
experiment3c.c: In function 'md5_final':
Info: Linking experiment3c.elf
experiment3c.c:176: warning: implicit declaration of function 'memset'
experiment3c.c:176: warning: incompatible implicit declaration of built-in function 'memset'
experiment3c.c: In function 'findStringEqual33':
nios2-elf-g++  -T'../experiment3c_bsp//linker.x' -msys-crt0='../experiment3c_bsp//obj/HAL/src/crt0.o' -msys-lib=hal_bsp -L../experiment3c_bsp/  -Wl,--defsym,exit=_exit -msmallc  -Wl,-Map=experiment3c.map   -Os -g -Wall   -EL -mhw-div -mhw-mul -mno-hw-mulx  -o experiment3c.elf obj/default/experiment3c.o -lm 
experiment3c.c:226: warning: implicit declaration of function 'strlen'
nios2-elf-insert experiment3c.elf --thread_model hal --cpu_name cpu_0 --qsys true --simulation_enabled false --stderr_dev jtag_uart_0 --stdin_dev jtag_uart_0 --stdout_dev jtag_uart_0 --sopc_system_name experiment3c --quartus_project_dir "/home/ECE/howlam/Desktop/exercise3/experiment3c" --sopcinfo /home/ECE/howlam/Desktop/exercise3/experiment3c/software/experiment3c_bsp/../../experiment3c.sopcinfo
experiment3c.c:226: warning: incompatible implicit declaration of built-in function 'strlen'
experiment3c.c:226: warning: pointer targets in passing argument 2 of 'md5_update' differ in signedness
experiment3c.c:251: warning: incompatible implicit declaration of built-in function 'strlen'
experiment3c.c:251: warning: pointer targets in passing argument 2 of 'md5_update' differ in signedness
experiment3c.c:217: warning: unused variable 'j'
experiment3c.c: In function 'main':
experiment3c.c:279: warning: incompatible implicit declaration of built-in function 'memset'
experiment3c.c:321: warning: incompatible implicit declaration of built-in function 'strlen'
experiment3c.c:321: warning: pointer targets in passing argument 1 of 'strlen' differ in signedness
experiment3c.c:335: warning: pointer targets in passing argument 1 of 'strlen' differ in signedness
experiment3c.c:348: warning: pointer targets in passing argument 1 of 'strlen' differ in signedness
experiment3c.c:361: warning: pointer targets in passing argument 1 of 'strlen' differ in signedness
experiment3c.c:374: warning: pointer targets in passing argument 1 of 'strlen' differ in signedness
experiment3c.c:388: warning: pointer targets in passing argument 1 of 'strlen' differ in signedness
experiment3c.c:402: warning: pointer targets in passing argument 1 of 'strlen' differ in signedness
experiment3c.c:411: warning: format '%d' expects type 'int', but argument 2 has type 'alt_u64'
experiment3c.c:411: warning: format '%d' expects type 'int', but argument 2 has type 'alt_u64'
experiment3c.c:412: warning: format '%d' expects type 'int', but argument 2 has type 'alt_u64'
experiment3c.c:412: warning: format '%d' expects type 'int', but argument 2 has type 'alt_u64'
experiment3c.c:413: warning: format '%d' expects type 'int', but argument 2 has type 'alt_u64'
experiment3c.c:413: warning: format '%d' expects type 'int', but argument 2 has type 'alt_u64'
experiment3c.c:414: warning: format '%d' expects type 'int', but argument 2 has type 'alt_u64'
experiment3c.c:414: warning: format '%d' expects type 'int', but argument 2 has type 'alt_u64'
experiment3c.c:415: warning: format '%d' expects type 'int', but argument 2 has type 'alt_u64'
experiment3c.c:415: warning: format '%d' expects type 'int', but argument 2 has type 'alt_u64'
experiment3c.c:416: warning: format '%d' expects type 'int', but argument 2 has type 'alt_u64'
experiment3c.c:416: warning: format '%d' expects type 'int', but argument 2 has type 'alt_u64'
experiment3c.c:417: warning: format '%d' expects type 'int', but argument 2 has type 'alt_u64'
experiment3c.c:417: warning: format '%d' expects type 'int', but argument 2 has type 'alt_u64'
Info: (experiment3c.elf) 10 KBytes program size (code + initialized data).
experiment3c.c:424: warning: pointer targets in passing argument 1 of 'strlen' differ in signedness
Info:                    5524 Bytes free for stack + heap.
experiment3c.c:303: warning: unused variable 'accumulator'
Info: Creating experiment3c.objdump
nios2-elf-objdump --disassemble --syms --all-header --source experiment3c.elf >experiment3c.objdump
[experiment3c build complete]
