
**** Build of configuration Nios II for project experiment3b ****

make all 
Info: Building ../experiment3b_bsp/
make --no-print-directory -C ../experiment3b_bsp/
[BSP build complete]
Info: Compiling experiment3b.c to obj/default/experiment3b.o
nios2-elf-gcc -xc -MP -MMD -c -I../experiment3b_bsp//HAL/inc -I../experiment3b_bsp/ -I../experiment3b_bsp//drivers/inc  -DSYSTEM_BUS_WIDTH=32 -pipe -D__hal__ -DALT_NO_C_PLUS_PLUS -DALT_NO_CLEAN_EXIT -DALT_NO_EXIT -DALT_USE_DIRECT_DRIVERS -DALT_NO_INSTRUCTION_EMULATION -DALT_USE_SMALL_DRIVERS -DSMALL_C_LIB -DALT_SINGLE_THREADED    -Os -g -Wall   -EL -mhw-div -mhw-mul -mno-hw-mulx  -o obj/default/experiment3b.o experiment3b.c
experiment3b.c:17: warning: 'hitCount' initialized and declared 'extern'
experiment3b.c:45: warning: initialization makes pointer from integer without a cast
experiment3b.c: In function 'md5_update':
experiment3b.c:148: warning: unused variable 't'
experiment3b.c: In function 'md5_final':
experiment3b.c:176: warning: implicit declaration of function 'memset'
experiment3b.c:176: warning: incompatible implicit declaration of built-in function 'memset'
experiment3b.c: In function 'findStringEqual33':
experiment3b.c:226: warning: implicit declaration of function 'strlen'
experiment3b.c:226: warning: incompatible implicit declaration of built-in function 'strlen'
experiment3b.c:226: warning: pointer targets in passing argument 2 of 'md5_update' differ in signedness
experiment3b.c:251: warning: incompatible implicit declaration of built-in function 'strlen'
Info: Linking experiment3b.elf
experiment3b.c:251: warning: pointer targets in passing argument 2 of 'md5_update' differ in signedness
nios2-elf-g++  -T'../experiment3b_bsp//linker.x' -msys-crt0='../experiment3b_bsp//obj/HAL/src/crt0.o' -msys-lib=hal_bsp -L../experiment3b_bsp/  -Wl,--defsym,exit=_exit -msmallc  -Wl,-Map=experiment3b.map   -Os -g -Wall   -EL -mhw-div -mhw-mul -mno-hw-mulx  -o experiment3b.elf obj/default/experiment3b.o -lm 
nios2-elf-insert experiment3b.elf --thread_model hal --cpu_name cpu_0 --qsys true --simulation_enabled false --stderr_dev jtag_uart_0 --stdin_dev jtag_uart_0 --stdout_dev jtag_uart_0 --sopc_system_name experiment3b --quartus_project_dir "/home/ECE/howlam/Desktop/exercise3/experiment3b" --sopcinfo /home/ECE/howlam/Desktop/exercise3/experiment3b/software/experiment3b_bsp/../../experiment3b.sopcinfo
experiment3b.c:217: warning: unused variable 'j'
experiment3b.c: In function 'main':
experiment3b.c:279: warning: incompatible implicit declaration of built-in function 'memset'
experiment3b.c:321: warning: incompatible implicit declaration of built-in function 'strlen'
experiment3b.c:321: warning: pointer targets in passing argument 1 of 'strlen' differ in signedness
experiment3b.c:335: warning: pointer targets in passing argument 1 of 'strlen' differ in signedness
experiment3b.c:348: warning: pointer targets in passing argument 1 of 'strlen' differ in signedness
experiment3b.c:361: warning: pointer targets in passing argument 1 of 'strlen' differ in signedness
experiment3b.c:374: warning: pointer targets in passing argument 1 of 'strlen' differ in signedness
experiment3b.c:388: warning: pointer targets in passing argument 1 of 'strlen' differ in signedness
experiment3b.c:402: warning: pointer targets in passing argument 1 of 'strlen' differ in signedness
experiment3b.c:411: warning: format '%d' expects type 'int', but argument 2 has type 'alt_u64'
experiment3b.c:411: warning: format '%d' expects type 'int', but argument 2 has type 'alt_u64'
experiment3b.c:412: warning: format '%d' expects type 'int', but argument 2 has type 'alt_u64'
experiment3b.c:412: warning: format '%d' expects type 'int', but argument 2 has type 'alt_u64'
experiment3b.c:413: warning: format '%d' expects type 'int', but argument 2 has type 'alt_u64'
experiment3b.c:413: warning: format '%d' expects type 'int', but argument 2 has type 'alt_u64'
experiment3b.c:414: warning: format '%d' expects type 'int', but argument 2 has type 'alt_u64'
experiment3b.c:414: warning: format '%d' expects type 'int', but argument 2 has type 'alt_u64'
experiment3b.c:415: warning: format '%d' expects type 'int', but argument 2 has type 'alt_u64'
experiment3b.c:415: warning: format '%d' expects type 'int', but argument 2 has type 'alt_u64'
experiment3b.c:416: warning: format '%d' expects type 'int', but argument 2 has type 'alt_u64'
experiment3b.c:416: warning: format '%d' expects type 'int', but argument 2 has type 'alt_u64'
experiment3b.c:417: warning: format '%d' expects type 'int', but argument 2 has type 'alt_u64'
experiment3b.c:417: warning: format '%d' expects type 'int', but argument 2 has type 'alt_u64'
experiment3b.c:424: warning: pointer targets in passing argument 1 of 'strlen' differ in signedness
experiment3b.c:303: warning: unused variable 'accumulator'
Info: (experiment3b.elf) 10 KBytes program size (code + initialized data).
Info:                    5560 Bytes free for stack + heap.
Info: Creating experiment3b.objdump
nios2-elf-objdump --disassemble --syms --all-header --source experiment3b.elf >experiment3b.objdump
[experiment3b build complete]
