
**** Build of configuration Nios II for project experiment2 ****

make all 
Info: Building ../experiment2_bsp/
make --no-print-directory -C ../experiment2_bsp/
[BSP build complete]
Info: Compiling tasks.c to obj/default/tasks.o
nios2-elf-gcc -xc -MP -MMD -c -I../experiment2_bsp//UCOSII/inc -I../experiment2_bsp//HAL/inc -I../experiment2_bsp/ -I../experiment2_bsp//drivers/inc  -DSYSTEM_BUS_WIDTH=32 -pipe -D__hal__ -DALT_NO_INSTRUCTION_EMULATION -D__ucosii__    -O0 -g -Wall   -EL -mno-hw-div -mno-hw-mul -mno-hw-mulx  -o obj/default/tasks.o tasks.c
In file included from tasks.c:7:
define.h:40:1: warning: "OS_TICKS_PER_SEC" redefined
In file included from ../experiment2_bsp//HAL/inc/sys/alt_irq.h:52,
Info: Linking experiment2.elf
                 from define.h:13,
nios2-elf-g++  -T'../experiment2_bsp//linker.x' -msys-crt0='../experiment2_bsp//obj/HAL/src/crt0.o' -msys-lib=ucosii_bsp -L../experiment2_bsp/   -Wl,-Map=experiment2.map   -O0 -g -Wall   -EL -mno-hw-div -mno-hw-mul -mno-hw-mulx  -o experiment2.elf obj/default/PB_button.o obj/default/SD_card_controller.o obj/default/alt_ucosii_simple_error_check.o obj/default/experiment2.o obj/default/tasks.o -lm 
                 from tasks.c:7:
nios2-elf-insert experiment2.elf --thread_model ucosii --cpu_name cpu_0 --qsys true --simulation_enabled false --stderr_dev jtag_uart_0 --stdin_dev jtag_uart_0 --stdout_dev jtag_uart_0 --sopc_system_name experiment2 --quartus_project_dir "/home/ECE/ganesr3/Desktop/ex2_4ds4_lab7/experiment2" --sopcinfo /home/ECE/ganesr3/Desktop/ex2_4ds4_lab7/experiment2/software/experiment2_bsp/../../experiment2.sopcinfo
../experiment2_bsp/system.h:471:1: warning: this is the location of the previous definition
Info: (experiment2.elf) 215 KBytes program size (code + initialized data).
tasks.c: In function 'SD_read_task':
Info:                   289 KBytes free for stack + heap.
tasks.c:134: warning: unused variable 'pixelCounter'
Info: Creating experiment2.objdump
tasks.c:133: warning: unused variable 'rowCounter'
nios2-elf-objdump --disassemble --syms --all-header --source experiment2.elf >experiment2.objdump
tasks.c:132: warning: unused variable 'colCounter'
tasks.c: In function 'SD_write_task':
tasks.c:897: warning: cast from pointer to integer of different size
tasks.c:899: warning: cast from pointer to integer of different size
tasks.c:900: warning: cast from pointer to integer of different size
tasks.c:756: warning: unused variable 'data'
tasks.c: In function 'compute_Y_task':
tasks.c:996: warning: cast from pointer to integer of different size
tasks.c:941: warning: unused variable 'Y_temp'
tasks.c:940: warning: unused variable 'Y_val'
tasks.c: In function 'process_Y_task':
tasks.c:1132: warning: unused variable 'data'
tasks.c:1131: warning: unused variable 'didItSend'
tasks.c:1130: warning: unused variable 'j'
tasks.c:1129: warning: unused variable 'Y_val'
[experiment2 build complete]
