
**** Build of configuration Nios II for project experiment3_cpu1 ****

make all 
Info: Building ../experiment3_cpu1_bsp/
make --no-print-directory -C ../experiment3_cpu1_bsp/
[BSP build complete]
Info: Compiling experiment3_cpu1.c to obj/default/experiment3_cpu1.o
nios2-elf-gcc -xc -MP -MMD -c -I../experiment3_cpu1_bsp//HAL/inc -I../experiment3_cpu1_bsp/ -I../experiment3_cpu1_bsp//drivers/inc  -DSYSTEM_BUS_WIDTH=32 -pipe -D__hal__ -DALT_NO_INSTRUCTION_EMULATION -DALT_SINGLE_THREADED    -O0 -g -Wall   -EL -mno-hw-div -mno-hw-mul -mno-hw-mulx  -o obj/default/experiment3_cpu1.o experiment3_cpu1.c
Info: Linking experiment3_cpu1.elf
nios2-elf-g++  -T'../experiment3_cpu1_bsp//linker.x' -msys-crt0='../experiment3_cpu1_bsp//obj/HAL/src/crt0.o' -msys-lib=hal_bsp -L../experiment3_cpu1_bsp/   -Wl,-Map=experiment3_cpu1.map   -O0 -g -Wall   -EL -mno-hw-div -mno-hw-mul -mno-hw-mulx  -o experiment3_cpu1.elf obj/default/experiment3_cpu1.o -lm 
nios2-elf-insert experiment3_cpu1.elf --thread_model hal --cpu_name cpu1 --qsys true --simulation_enabled false --stderr_dev jtag_uart_0 --stdin_dev jtag_uart_0 --stdout_dev jtag_uart_0 --sopc_system_name experiment3 --quartus_project_dir "/home/ECE/ganesr3/Desktop/coe4ds4_lab7_2018_working_directory_THURS_aft/coe4ds4_lab7_2018_working_directory/experiment3" --sopcinfo /home/ECE/ganesr3/Desktop/coe4ds4_lab7_2018_working_directory_THURS_aft/coe4ds4_lab7_2018_working_directory/experiment3/software/experiment3_cpu1_bsp/../../experiment3.sopcinfo
Info: (experiment3_cpu1.elf) 66 KBytes program size (code + initialized data).
experiment3_cpu1.c:64: warning: initialization makes pointer from integer without a cast
Info:                        439 KBytes free for stack + heap.
experiment3_cpu1.c: In function 'gen_sparse_matrix':
Info: Creating experiment3_cpu1.objdump
experiment3_cpu1.c:92: warning: unused variable 'row_i'
experiment3_cpu1.c: In function 'print_result_vector_Y':
experiment3_cpu1.c:383: warning: format '%d' expects type 'int', but argument 4 has type 'alt_32'
experiment3_cpu1.c:383: warning: format '%d' expects type 'int', but argument 4 has type 'alt_32'
nios2-elf-objdump --disassemble --syms --all-header --source experiment3_cpu1.elf >experiment3_cpu1.objdump
experiment3_cpu1.c: In function 'compare_Y_result_vectors':
[experiment3_cpu1 build complete]
experiment3_cpu1.c:395: warning: format '%d' expects type 'int', but argument 4 has type 'alt_32'
experiment3_cpu1.c:395: warning: format '%d' expects type 'int', but argument 5 has type 'alt_32'
experiment3_cpu1.c:395: warning: format '%d' expects type 'int', but argument 4 has type 'alt_32'
experiment3_cpu1.c:395: warning: format '%d' expects type 'int', but argument 5 has type 'alt_32'
experiment3_cpu1.c: In function 'main':
experiment3_cpu1.c:430: warning: implicit declaration of function 'alt_irq_register'
experiment3_cpu1.c:512: warning: passing argument 4 of 'calc_output_Y_CPU1' from incompatible pointer type
experiment3_cpu1.c:527: warning: passing argument 4 of 'calc_output_Y_BOTH_CPUS' from incompatible pointer type
experiment3_cpu1.c:415: warning: unused variable 'count'
