
**** Build of configuration Nios II for project experiment1 ****

make all 
Info: Building ../experiment1_bsp/
make --no-print-directory -C ../experiment1_bsp/
[BSP build complete]
Info: Compiling tasks.c to obj/default/tasks.o
nios2-elf-gcc -xc -MP -MMD -c -I../experiment1_bsp//UCOSII/inc -I../experiment1_bsp//HAL/inc -I../experiment1_bsp/ -I../experiment1_bsp//drivers/inc  -DSYSTEM_BUS_WIDTH=32 -pipe -D__hal__ -DALT_NO_INSTRUCTION_EMULATION -D__ucosii__    -O0 -g -Wall   -EL -mno-hw-div -mno-hw-mul -mno-hw-mulx  -o obj/default/tasks.o tasks.c
In file included from tasks.c:7:
Info: Linking experiment1.elf
define.h:39:1: warning: "OS_TICKS_PER_SEC" redefined
nios2-elf-g++  -T'../experiment1_bsp//linker.x' -msys-crt0='../experiment1_bsp//obj/HAL/src/crt0.o' -msys-lib=ucosii_bsp -L../experiment1_bsp/   -Wl,-Map=experiment1.map   -O0 -g -Wall   -EL -mno-hw-div -mno-hw-mul -mno-hw-mulx  -o experiment1.elf obj/default/PB_button.o obj/default/alt_ucosii_simple_error_check.o obj/default/experiment1.o obj/default/tasks.o -lm 
In file included from ../experiment1_bsp//HAL/inc/sys/alt_irq.h:52,
nios2-elf-insert experiment1.elf --thread_model ucosii --cpu_name cpu_0 --qsys true --simulation_enabled false --stderr_dev jtag_uart_0 --stdin_dev jtag_uart_0 --stdout_dev jtag_uart_0 --sopc_system_name experiment1 --quartus_project_dir "/home/ECE/ganesr3/Desktop/coe4ds4_lab7_2018_working_directory_WED_night/coe4ds4_lab7_2018_working_directory/experiment1" --sopcinfo /home/ECE/ganesr3/Desktop/coe4ds4_lab7_2018_working_directory_WED_night/coe4ds4_lab7_2018_working_directory/experiment1/software/experiment1_bsp/../../experiment1.sopcinfo
                 from define.h:13,
Info: (experiment1.elf) 226 KBytes program size (code + initialized data).
                 from tasks.c:7:
Info:                   278 KBytes free for stack + heap.
../experiment1_bsp/system.h:456:1: warning: this is the location of the previous definition
Info: Creating experiment1.objdump
tasks.c:10: warning: initialization makes pointer from integer without a cast
nios2-elf-objdump --disassemble --syms --all-header --source experiment1.elf >experiment1.objdump
tasks.c: In function 'sorting':
tasks.c:50: warning: unused variable 'max_value'
tasks.c: In function 'merge_sort':
tasks.c:606: warning: unused variable 'arr1_size'
tasks.c:606: warning: unused variable 'arr0_size'
tasks.c: In function 'task_launcher':
tasks.c:694: warning: passing argument 6 of 'OSTaskCreateExt' from incompatible pointer type
tasks.c:756: warning: passing argument 6 of 'OSTaskCreateExt' from incompatible pointer type
[experiment1 build complete]
