
**** Build of configuration Nios II for project experiment2 ****

make all 
Info: Building ../experiment2_bsp/
make --no-print-directory -C ../experiment2_bsp/
[BSP build complete]
Info: Compiling experiment2.c to obj/default/experiment2.o
nios2-elf-gcc -xc -MP -MMD -c -I../experiment2_bsp//UCOSII/inc -I../experiment2_bsp//HAL/inc -I../experiment2_bsp/ -I../experiment2_bsp//drivers/inc  -DSYSTEM_BUS_WIDTH=32 -pipe -D__hal__ -DALT_NO_INSTRUCTION_EMULATION -D__ucosii__    -O0 -g -Wall   -EL -mno-hw-div -mno-hw-mul -mno-hw-mulx  -o obj/default/experiment2.o experiment2.c
In file included from experiment2.c:7:
Info: Linking experiment2.elf
define.h:38:1: warning: "OS_TICKS_PER_SEC" redefined
nios2-elf-g++  -T'../experiment2_bsp//linker.x' -msys-crt0='../experiment2_bsp//obj/HAL/src/crt0.o' -msys-lib=ucosii_bsp -L../experiment2_bsp/   -Wl,-Map=experiment2.map   -O0 -g -Wall   -EL -mno-hw-div -mno-hw-mul -mno-hw-mulx  -o experiment2.elf obj/default/PB_button.o obj/default/alt_ucosii_simple_error_check.o obj/default/experiment2.o obj/default/tasks.o -lm 
In file included from ../experiment2_bsp//HAL/inc/sys/alt_irq.h:52,
nios2-elf-insert experiment2.elf --thread_model ucosii --cpu_name cpu_0 --qsys true --simulation_enabled false --stderr_dev jtag_uart_0 --stdin_dev jtag_uart_0 --stdout_dev jtag_uart_0 --sopc_system_name experiment2 --quartus_project_dir "/home/ECE/ganesr3/Desktop/coe4ds4_group_33_takehom6/exercise1/experiment2" --sopcinfo /home/ECE/ganesr3/Desktop/coe4ds4_group_33_takehom6/exercise1/experiment2/software/experiment2_bsp/../../experiment2.sopcinfo
                 from ../experiment2_bsp//HAL/inc/os_cpu.h:59,
                 from ../experiment2_bsp//HAL/inc/includes.h:21,
                 from define.h:13,
                 from experiment2.c:7:
../experiment2_bsp/system.h:456:1: warning: this is the location of the previous definition
experiment2.c: In function 'main':
experiment2.c:59: warning: implicit declaration of function 'alt_printf'
Info: (experiment2.elf) 163 KBytes program size (code + initialized data).
Info:                   341 KBytes free for stack + heap.
Info: Creating experiment2.objdump
nios2-elf-objdump --disassemble --syms --all-header --source experiment2.elf >experiment2.objdump
[experiment2 build complete]
