
**** Build of configuration Nios II for project experiment1 ****

make all 
Info: Building ../experiment1_bsp/
make --no-print-directory -C ../experiment1_bsp/
[BSP build complete]
Info: Compiling PB_button.c to obj/default/PB_button.o
nios2-elf-gcc -xc -MP -MMD -c -I../experiment1_bsp//UCOSII/inc -I../experiment1_bsp//HAL/inc -I../experiment1_bsp/ -I../experiment1_bsp//drivers/inc  -DSYSTEM_BUS_WIDTH=32 -pipe -D__hal__ -DALT_NO_INSTRUCTION_EMULATION -D__ucosii__    -O0 -g -Wall   -EL -mno-hw-div -mno-hw-mul -mno-hw-mulx  -o obj/default/PB_button.o PB_button.c
In file included from PB_button.c:7:
Info: Compiling experiment1.c to obj/default/experiment1.o
define.h:37:1: warning: "OS_TICKS_PER_SEC" redefined
nios2-elf-gcc -xc -MP -MMD -c -I../experiment1_bsp//UCOSII/inc -I../experiment1_bsp//HAL/inc -I../experiment1_bsp/ -I../experiment1_bsp//drivers/inc  -DSYSTEM_BUS_WIDTH=32 -pipe -D__hal__ -DALT_NO_INSTRUCTION_EMULATION -D__ucosii__    -O0 -g -Wall   -EL -mno-hw-div -mno-hw-mul -mno-hw-mulx  -o obj/default/experiment1.o experiment1.c
In file included from ../experiment1_bsp//HAL/inc/sys/alt_irq.h:52,
Info: Compiling tasks.c to obj/default/tasks.o
                 from ../experiment1_bsp//HAL/inc/os_cpu.h:59,
                 from ../experiment1_bsp//HAL/inc/includes.h:21,
                 from define.h:13,
                 from PB_button.c:7:
../experiment1_bsp/system.h:440:1: warning: this is the location of the previous definition
PB_button.c: In function 'init_button_irq':
PB_button.c:71: warning: implicit declaration of function 'alt_irq_register'
In file included from experiment1.c:7:
define.h:37:1: warning: "OS_TICKS_PER_SEC" redefined
In file included from ../experiment1_bsp//HAL/inc/sys/alt_irq.h:52,
                 from ../experiment1_bsp//HAL/inc/os_cpu.h:59,
                 from ../experiment1_bsp//HAL/inc/includes.h:21,
                 from define.h:13,
                 from experiment1.c:7:
../experiment1_bsp/system.h:440:1: warning: this is the location of the previous definition
experiment1.c: In function 'main':
experiment1.c:56: warning: implicit declaration of function 'alt_printf'
In file included from tasks.c:7:
define.h:37:1: warning: "OS_TICKS_PER_SEC" redefined
In file included from ../experiment1_bsp//HAL/inc/sys/alt_irq.h:52,
                 from ../experiment1_bsp//HAL/inc/os_cpu.h:59,
                 from ../experiment1_bsp//HAL/inc/includes.h:21,
                 from define.h:13,
                 from tasks.c:7:
../experiment1_bsp/system.h:440:1: warning: this is the location of the previous definition
tasks.c: In function 'periodicTask1':
tasks.c:37: warning: implicit declaration of function 'custom_delay'
tasks.c: At top level:
tasks.c:124: warning: conflicting types for 'custom_delay'
tasks.c:37: warning: previous implicit declaration of 'custom_delay' was here
tasks.c:10: warning: array 'PBSemaphore' assumed to have one element
nios2-elf-gcc -xc -MP -MMD -c -I../experiment1_bsp//UCOSII/inc -I../experiment1_bsp//HAL/inc -I../experiment1_bsp/ -I../experiment1_bsp//drivers/inc  -DSYSTEM_BUS_WIDTH=32 -pipe -D__hal__ -DALT_NO_INSTRUCTION_EMULATION -D__ucosii__    -O0 -g -Wall   -EL -mno-hw-div -mno-hw-mul -mno-hw-mulx  -o obj/default/tasks.o tasks.c
Info: Linking experiment1.elf
nios2-elf-g++  -T'../experiment1_bsp//linker.x' -msys-crt0='../experiment1_bsp//obj/HAL/src/crt0.o' -msys-lib=ucosii_bsp -L../experiment1_bsp/   -Wl,-Map=experiment1.map   -O0 -g -Wall   -EL -mno-hw-div -mno-hw-mul -mno-hw-mulx  -o experiment1.elf obj/default/PB_button.o obj/default/alt_ucosii_simple_error_check.o obj/default/experiment1.o obj/default/tasks.o -lm 
nios2-elf-insert experiment1.elf --thread_model ucosii --cpu_name cpu_0 --qsys true --simulation_enabled false --stderr_dev jtag_uart_0 --stdin_dev jtag_uart_0 --stdout_dev jtag_uart_0 --sopc_system_name experiment1 --quartus_project_dir "/home/ECE/ganesr3/Desktop/ex1done_ex3partial/coe4ds4_lab6_2018/experiment1" --sopcinfo /home/ECE/ganesr3/Desktop/ex1done_ex3partial/coe4ds4_lab6_2018/experiment1/software/experiment1_bsp/../../experiment1.sopcinfo
Info: (experiment1.elf) 146 KBytes program size (code + initialized data).
Info:                   358 KBytes free for stack + heap.
Info: Creating experiment1.objdump
nios2-elf-objdump --disassemble --syms --all-header --source experiment1.elf >experiment1.objdump
[experiment1 build complete]
