Partition Merge report for experiment1b
Wed Jan 31 22:16:48 2018
Quartus II 32-bit Version 12.0 Build 263 08/02/2012 Service Pack 2 SJ Full Version


---------------------
; Table of Contents ;
---------------------
  1. Legal Notice
  2. Partition Merge Summary
  3. Partition Merge Netlist Types Used
  4. Partition Merge Partition Statistics
  5. Partition Merge Resource Usage Summary
  6. Partition Merge RAM Summary
  7. Partition Merge DSP Block Usage Summary
  8. Partition Merge Messages



----------------
; Legal Notice ;
----------------
Copyright (C) 1991-2012 Altera Corporation
Your use of Altera Corporation's design tools, logic functions 
and other software and tools, and its AMPP partner logic 
functions, and any output files from any of the foregoing 
(including device programming or simulation files), and any 
associated documentation or information are expressly subject 
to the terms and conditions of the Altera Program License 
Subscription Agreement, Altera MegaCore Function License 
Agreement, or other applicable license agreement, including, 
without limitation, that your use is for the sole purpose of 
programming logic devices manufactured by Altera and sold by 
Altera or its authorized distributors.  Please refer to the 
applicable agreement for further details.



+-------------------------------------------------------------------------------------+
; Partition Merge Summary                                                             ;
+------------------------------------+------------------------------------------------+
; Partition Merge Status             ; Successful - Wed Jan 31 22:16:48 2018          ;
; Quartus II 32-bit Version          ; 12.0 Build 263 08/02/2012 SP 2 SJ Full Version ;
; Revision Name                      ; experiment1b                                   ;
; Top-level Entity Name              ; experiment1b                                   ;
; Family                             ; Cyclone II                                     ;
; Total logic elements               ; 3,921                                          ;
;     Total combinational functions  ; 3,180                                          ;
;     Dedicated logic registers      ; 2,428                                          ;
; Total registers                    ; 2428                                           ;
; Total pins                         ; 96                                             ;
; Total virtual pins                 ; 0                                              ;
; Total memory bits                  ; 64,128                                         ;
; Embedded Multiplier 9-bit elements ; 4                                              ;
; Total PLLs                         ; 0                                              ;
+------------------------------------+------------------------------------------------+


+-------------------------------------------------------------------------------------------------------------------------------+
; Partition Merge Netlist Types Used                                                                                            ;
+--------------------------------+----------------+-------------------+------------------------+--------------------------------+
; Partition Name                 ; Partition Type ; Netlist Type Used ; Netlist Type Requested ; Partition Contents             ;
+--------------------------------+----------------+-------------------+------------------------+--------------------------------+
; Top                            ; User-created   ; Source File       ; Post-Fit               ;                                ;
; sld_hub:auto_hub               ; Auto-generated ; Post-Synthesis    ; Post-Synthesis         ; sld_hub:auto_hub               ;
; hard_block:auto_generated_inst ; Auto-generated ; Source File       ; Source File            ; hard_block:auto_generated_inst ;
+--------------------------------+----------------+-------------------+------------------------+--------------------------------+


+---------------------------------------------------------------------------------------------------------+
; Partition Merge Partition Statistics                                                                    ;
+---------------------------------------------+-------+------------------+--------------------------------+
; Statistic                                   ; Top   ; sld_hub:auto_hub ; hard_block:auto_generated_inst ;
+---------------------------------------------+-------+------------------+--------------------------------+
; Estimated Total logic elements              ; 3789  ; 132              ; 0                              ;
;                                             ;       ;                  ;                                ;
; Total combinational functions               ; 3058  ; 122              ; 0                              ;
; Logic element usage by number of LUT inputs ;       ;                  ;                                ;
;     -- 4 input functions                    ; 1527  ; 52               ; 0                              ;
;     -- 3 input functions                    ; 1083  ; 45               ; 0                              ;
;     -- <=2 input functions                  ; 448   ; 25               ; 0                              ;
;                                             ;       ;                  ;                                ;
; Logic elements by mode                      ;       ;                  ;                                ;
;     -- normal mode                          ; 2835  ; 118              ; 0                              ;
;     -- arithmetic mode                      ; 223   ; 4                ; 0                              ;
;                                             ;       ;                  ;                                ;
; Total registers                             ; 2352  ; 76               ; 0                              ;
;     -- Dedicated logic registers            ; 2352  ; 76               ; 0                              ;
;     -- I/O registers                        ; 0     ; 0                ; 0                              ;
;                                             ;       ;                  ;                                ;
; Virtual pins                                ; 0     ; 0                ; 0                              ;
; I/O pins                                    ; 96    ; 0                ; 0                              ;
; Embedded Multiplier 9-bit elements          ; 4     ; 0                ; 0                              ;
; Total memory bits                           ; 64128 ; 0                ; 0                              ;
; Total RAM block bits                        ; 0     ; 0                ; 0                              ;
; JTAG                                        ; 1     ; 0                ; 0                              ;
;                                             ;       ;                  ;                                ;
; Connections                                 ;       ;                  ;                                ;
;     -- Input Connections                    ; 268   ; 118              ; 0                              ;
;     -- Registered Input Connections         ; 132   ; 84               ; 0                              ;
;     -- Output Connections                   ; 213   ; 173              ; 0                              ;
;     -- Registered Output Connections        ; 4     ; 172              ; 0                              ;
;                                             ;       ;                  ;                                ;
; Internal Connections                        ;       ;                  ;                                ;
;     -- Total Connections                    ; 23749 ; 825              ; 0                              ;
;     -- Registered Connections               ; 11328 ; 597              ; 0                              ;
;                                             ;       ;                  ;                                ;
; External Connections                        ;       ;                  ;                                ;
;     -- Top                                  ; 192   ; 289              ; 0                              ;
;     -- sld_hub:auto_hub                     ; 289   ; 2                ; 0                              ;
;     -- hard_block:auto_generated_inst       ; 0     ; 0                ; 0                              ;
;                                             ;       ;                  ;                                ;
; Partition Interface                         ;       ;                  ;                                ;
;     -- Input Ports                          ; 63    ; 22               ; 0                              ;
;     -- Output Ports                         ; 64    ; 39               ; 0                              ;
;     -- Bidir Ports                          ; 16    ; 0                ; 0                              ;
;                                             ;       ;                  ;                                ;
; Registered Ports                            ;       ;                  ;                                ;
;     -- Registered Input Ports               ; 0     ; 3                ; 0                              ;
;     -- Registered Output Ports              ; 0     ; 29               ; 0                              ;
;                                             ;       ;                  ;                                ;
; Port Connectivity                           ;       ;                  ;                                ;
;     -- Input Ports driven by GND            ; 0     ; 9                ; 0                              ;
;     -- Output Ports driven by GND           ; 0     ; 0                ; 0                              ;
;     -- Input Ports driven by VCC            ; 0     ; 0                ; 0                              ;
;     -- Output Ports driven by VCC           ; 0     ; 0                ; 0                              ;
;     -- Input Ports with no Source           ; 0     ; 0                ; 0                              ;
;     -- Output Ports with no Source          ; 0     ; 0                ; 0                              ;
;     -- Input Ports with no Fanout           ; 0     ; 1                ; 0                              ;
;     -- Output Ports with no Fanout          ; 0     ; 25               ; 0                              ;
+---------------------------------------------+-------+------------------+--------------------------------+
Note: Resource usage numbers presented for Partitions containing post-synthesis logic are estimates.  For Partitions containing post-fit logic, resource usage numbers are accurate based on previous placement information.  Actual Fitter results may vary depending on current Fitter Preservation Level assignments.


+---------------------------------------------------------------------+
; Partition Merge Resource Usage Summary                              ;
+---------------------------------------------+-----------------------+
; Resource                                    ; Usage                 ;
+---------------------------------------------+-----------------------+
; Estimated Total logic elements              ; 3,921                 ;
;                                             ;                       ;
; Total combinational functions               ; 3180                  ;
; Logic element usage by number of LUT inputs ;                       ;
;     -- 4 input functions                    ; 1579                  ;
;     -- 3 input functions                    ; 1128                  ;
;     -- <=2 input functions                  ; 473                   ;
;                                             ;                       ;
; Logic elements by mode                      ;                       ;
;     -- normal mode                          ; 2953                  ;
;     -- arithmetic mode                      ; 227                   ;
;                                             ;                       ;
; Total registers                             ; 2428                  ;
;     -- Dedicated logic registers            ; 2428                  ;
;     -- I/O registers                        ; 0                     ;
;                                             ;                       ;
; I/O pins                                    ; 96                    ;
; Total memory bits                           ; 64128                 ;
; Embedded Multiplier 9-bit elements          ; 4                     ;
; Maximum fan-out node                        ; clock_50_i_clk_in_clk ;
; Maximum fan-out                             ; 2507                  ;
; Total fan-out                               ; 24143                 ;
; Average fan-out                             ; 4.06                  ;
+---------------------------------------------+-----------------------+


+----------------------------------------------------------------------------------------------------------------------------------------------------------------------------------------------------------------------------------------------------------------------------------------------------------------------------------------------------------------------------------------------------------------------------------------------------------------------------------------+
; Partition Merge RAM Summary                                                                                                                                                                                                                                                                                                                                                                                                                                                            ;
+-----------------------------------------------------------------------------------------------------------------------------------------------------------------------------------------------------------------------------------------------------------------------------------------------------------------------------------------+------+------------------+--------------+--------------+--------------+--------------+-------+------------------------------------------------+
; Name                                                                                                                                                                                                                                                                                                                                    ; Type ; Mode             ; Port A Depth ; Port A Width ; Port B Depth ; Port B Width ; Size  ; MIF                                            ;
+-----------------------------------------------------------------------------------------------------------------------------------------------------------------------------------------------------------------------------------------------------------------------------------------------------------------------------------------+------+------------------+--------------+--------------+--------------+--------------+-------+------------------------------------------------+
; experiment1b_cpu_0:cpu_0|experiment1b_cpu_0_bht_module:experiment1b_cpu_0_bht|altsyncram:the_altsyncram|altsyncram_r2h1:auto_generated|ALTSYNCRAM                                                                                                                                                                                       ; AUTO ; Simple Dual Port ; 256          ; 2            ; 256          ; 2            ; 512   ; experiment1b_cpu_0_bht_ram.mif                 ;
; experiment1b_cpu_0:cpu_0|experiment1b_cpu_0_dc_data_module:experiment1b_cpu_0_dc_data|altsyncram:the_altsyncram|altsyncram_29f1:auto_generated|ALTSYNCRAM                                                                                                                                                                               ; AUTO ; Simple Dual Port ; 512          ; 32           ; 512          ; 32           ; 16384 ; None                                           ;
; experiment1b_cpu_0:cpu_0|experiment1b_cpu_0_dc_tag_module:experiment1b_cpu_0_dc_tag|altsyncram:the_altsyncram|altsyncram_dng1:auto_generated|ALTSYNCRAM                                                                                                                                                                                 ; AUTO ; Simple Dual Port ; 64           ; 12           ; 64           ; 12           ; 768   ; experiment1b_cpu_0_dc_tag_ram.mif              ;
; experiment1b_cpu_0:cpu_0|experiment1b_cpu_0_dc_victim_module:experiment1b_cpu_0_dc_victim|altsyncram:the_altsyncram|altsyncram_9vc1:auto_generated|ALTSYNCRAM                                                                                                                                                                           ; AUTO ; Simple Dual Port ; 8            ; 32           ; 8            ; 32           ; 256   ; None                                           ;
; experiment1b_cpu_0:cpu_0|experiment1b_cpu_0_ic_data_module:experiment1b_cpu_0_ic_data|altsyncram:the_altsyncram|altsyncram_qed1:auto_generated|ALTSYNCRAM                                                                                                                                                                               ; AUTO ; Simple Dual Port ; 1024         ; 32           ; 1024         ; 32           ; 32768 ; None                                           ;
; experiment1b_cpu_0:cpu_0|experiment1b_cpu_0_ic_tag_module:experiment1b_cpu_0_ic_tag|altsyncram:the_altsyncram|altsyncram_afh1:auto_generated|ALTSYNCRAM                                                                                                                                                                                 ; AUTO ; Simple Dual Port ; 128          ; 17           ; 128          ; 17           ; 2176  ; experiment1b_cpu_0_ic_tag_ram.mif              ;
; experiment1b_cpu_0:cpu_0|experiment1b_cpu_0_nios2_oci:the_experiment1b_cpu_0_nios2_oci|experiment1b_cpu_0_nios2_ocimem:the_experiment1b_cpu_0_nios2_ocimem|experiment1b_cpu_0_ociram_lpm_dram_bdp_component_module:experiment1b_cpu_0_ociram_lpm_dram_bdp_component|altsyncram:the_altsyncram|altsyncram_ve82:auto_generated|ALTSYNCRAM ; AUTO ; True Dual Port   ; 256          ; 32           ; 256          ; 32           ; 8192  ; experiment1b_cpu_0_ociram_default_contents.mif ;
; experiment1b_cpu_0:cpu_0|experiment1b_cpu_0_register_bank_a_module:experiment1b_cpu_0_register_bank_a|altsyncram:the_altsyncram|altsyncram_rgg1:auto_generated|ALTSYNCRAM                                                                                                                                                               ; AUTO ; Simple Dual Port ; 32           ; 32           ; 32           ; 32           ; 1024  ; experiment1b_cpu_0_rf_ram_a.mif                ;
; experiment1b_cpu_0:cpu_0|experiment1b_cpu_0_register_bank_b_module:experiment1b_cpu_0_register_bank_b|altsyncram:the_altsyncram|altsyncram_sgg1:auto_generated|ALTSYNCRAM                                                                                                                                                               ; AUTO ; Simple Dual Port ; 32           ; 32           ; 32           ; 32           ; 1024  ; experiment1b_cpu_0_rf_ram_b.mif                ;
; experiment1b_jtag_uart_0:jtag_uart_0|experiment1b_jtag_uart_0_scfifo_r:the_experiment1b_jtag_uart_0_scfifo_r|scfifo:rfifo|scfifo_1n21:auto_generated|a_dpfifo_8t21:dpfifo|dpram_5h21:FIFOram|altsyncram_9tl1:altsyncram2|ALTSYNCRAM                                                                                                     ; AUTO ; Simple Dual Port ; 64           ; 8            ; 64           ; 8            ; 512   ; None                                           ;
; experiment1b_jtag_uart_0:jtag_uart_0|experiment1b_jtag_uart_0_scfifo_w:the_experiment1b_jtag_uart_0_scfifo_w|scfifo:wfifo|scfifo_1n21:auto_generated|a_dpfifo_8t21:dpfifo|dpram_5h21:FIFOram|altsyncram_9tl1:altsyncram2|ALTSYNCRAM                                                                                                     ; AUTO ; Simple Dual Port ; 64           ; 8            ; 64           ; 8            ; 512   ; None                                           ;
+-----------------------------------------------------------------------------------------------------------------------------------------------------------------------------------------------------------------------------------------------------------------------------------------------------------------------------------------+------+------------------+--------------+--------------+--------------+--------------+-------+------------------------------------------------+


+-----------------------------------------------------+
; Partition Merge DSP Block Usage Summary             ;
+---------------------------------------+-------------+
; Statistic                             ; Number Used ;
+---------------------------------------+-------------+
; Simple Multipliers (9-bit)            ; 0           ;
; Simple Multipliers (18-bit)           ; 2           ;
; Embedded Multiplier Blocks            ; --          ;
; Embedded Multiplier 9-bit elements    ; 4           ;
; Signed Embedded Multipliers           ; 0           ;
; Unsigned Embedded Multipliers         ; 2           ;
; Mixed Sign Embedded Multipliers       ; 0           ;
; Variable Sign Embedded Multipliers    ; 0           ;
; Dedicated Input Shift Register Chains ; 0           ;
+---------------------------------------+-------------+
Note: number of Embedded Multiplier Blocks used is only available after a successful fit.


+--------------------------+
; Partition Merge Messages ;
+--------------------------+
Info: *******************************************************************
Info: Running Quartus II 32-bit Partition Merge
    Info: Version 12.0 Build 263 08/02/2012 Service Pack 2 SJ Full Version
    Info: Processing started: Wed Jan 31 22:16:45 2018
Info: Command: quartus_cdb --read_settings_files=off --write_settings_files=off experiment1b -c experiment1b --merge=on
Warning (35010): Previously generated Fitter netlist for partition "Top" is older than current Synthesis netlist -- using the current Synthesis netlist instead to ensure that the latest source changes are included
    Info (35011): Set the option to Ignore source file changes to force the Quartus II software to always use a previously generated Fitter netlist
Info (35007): Using synthesis netlist for partition "Top"
Info (35007): Using synthesis netlist for partition "sld_hub:auto_hub"
Info (35002): Resolved and merged 2 partition(s)
Info (16010): Generating hard_block partition "hard_block:auto_generated_inst"
    Info (16011): Adding 0 node(s), including 0 DDIO, 0 PLL, 0 transceiver and 0 LCELL
Info (21057): Implemented 4601 device resources after synthesis - the final resource count might be different
    Info (21058): Implemented 26 input pins
    Info (21059): Implemented 58 output pins
    Info (21060): Implemented 16 bidirectional pins
    Info (21061): Implemented 4257 logic cells
    Info (21064): Implemented 239 RAM segments
    Info (21062): Implemented 4 DSP elements
Info: Quartus II 32-bit Partition Merge was successful. 0 errors, 1 warning
    Info: Peak virtual memory: 341 megabytes
    Info: Processing ended: Wed Jan 31 22:16:48 2018
    Info: Elapsed time: 00:00:03
    Info: Total CPU time (on all processors): 00:00:02


