Flow report for experiment1b
Wed Jan 31 22:17:25 2018
Quartus II 32-bit Version 12.0 Build 263 08/02/2012 Service Pack 2 SJ Full Version


---------------------
; Table of Contents ;
---------------------
  1. Legal Notice
  2. Flow Summary
  3. Flow Settings
  4. Flow Non-Default Global Settings
  5. Flow Elapsed Time
  6. Flow OS Summary
  7. Flow Log



----------------
; Legal Notice ;
----------------
Copyright (C) 1991-2012 Altera Corporation
Your use of Altera Corporation's design tools, logic functions 
and other software and tools, and its AMPP partner logic 
functions, and any output files from any of the foregoing 
(including device programming or simulation files), and any 
associated documentation or information are expressly subject 
to the terms and conditions of the Altera Program License 
Subscription Agreement, Altera MegaCore Function License 
Agreement, or other applicable license agreement, including, 
without limitation, that your use is for the sole purpose of 
programming logic devices manufactured by Altera and sold by 
Altera or its authorized distributors.  Please refer to the 
applicable agreement for further details.



+-------------------------------------------------------------------------------------+
; Flow Summary                                                                        ;
+------------------------------------+------------------------------------------------+
; Flow Status                        ; Successful - Wed Jan 31 22:17:25 2018          ;
; Quartus II 32-bit Version          ; 12.0 Build 263 08/02/2012 SP 2 SJ Full Version ;
; Revision Name                      ; experiment1b                                   ;
; Top-level Entity Name              ; experiment1b                                   ;
; Family                             ; Cyclone II                                     ;
; Device                             ; EP2C35F672C6                                   ;
; Timing Models                      ; Final                                          ;
; Total logic elements               ; 3,613 / 33,216 ( 11 % )                        ;
;     Total combinational functions  ; 3,187 / 33,216 ( 10 % )                        ;
;     Dedicated logic registers      ; 2,394 / 33,216 ( 7 % )                         ;
; Total registers                    ; 2394                                           ;
; Total pins                         ; 96 / 475 ( 20 % )                              ;
; Total virtual pins                 ; 0                                              ;
; Total memory bits                  ; 64,128 / 483,840 ( 13 % )                      ;
; Embedded Multiplier 9-bit elements ; 4 / 70 ( 6 % )                                 ;
; Total PLLs                         ; 0 / 4 ( 0 % )                                  ;
+------------------------------------+------------------------------------------------+


+-----------------------------------------+
; Flow Settings                           ;
+-------------------+---------------------+
; Option            ; Setting             ;
+-------------------+---------------------+
; Start date & time ; 01/25/2018 15:39:46 ;
; Main task         ; Compilation         ;
; Revision Name     ; experiment1b        ;
+-------------------+---------------------+


+-------------------------------------------------------------------------------------------------------------------------------------------------------------------------+
; Flow Non-Default Global Settings                                                                                                                                        ;
+-------------------------------------+----------------------------------------------------------------+---------------+---------------------------------+----------------+
; Assignment Name                     ; Value                                                          ; Default Value ; Entity Name                     ; Section Id     ;
+-------------------------------------+----------------------------------------------------------------+---------------+---------------------------------+----------------+
; COMPILER_SIGNATURE_ID               ; 22930460059473.151691278615757                                 ; --            ; --                              ; --             ;
; EDA_OUTPUT_DATA_FORMAT              ; None                                                           ; --            ; --                              ; eda_simulation ;
; IP_TOOL_ENV                         ; qsys                                                           ; --            ; altera_avalon_sc_fifo           ; --             ;
; IP_TOOL_ENV                         ; qsys                                                           ; --            ; altera_merlin_burst_adapter     ; --             ;
; IP_TOOL_ENV                         ; qsys                                                           ; --            ; altera_merlin_master_agent      ; --             ;
; IP_TOOL_ENV                         ; qsys                                                           ; --            ; altera_merlin_master_translator ; --             ;
; IP_TOOL_ENV                         ; qsys                                                           ; --            ; altera_merlin_slave_agent       ; --             ;
; IP_TOOL_ENV                         ; qsys                                                           ; --            ; altera_merlin_slave_translator  ; --             ;
; IP_TOOL_ENV                         ; qsys                                                           ; --            ; altera_merlin_traffic_limiter   ; --             ;
; IP_TOOL_ENV                         ; qsys                                                           ; --            ; altera_merlin_width_adapter     ; --             ;
; IP_TOOL_ENV                         ; qsys                                                           ; --            ; altera_reset_controller         ; --             ;
; IP_TOOL_ENV                         ; qsys                                                           ; --            ; --                              ; --             ;
; IP_TOOL_ENV                         ; qsys                                                           ; --            ; experiment1b_LED_GREEN_O        ; --             ;
; IP_TOOL_ENV                         ; qsys                                                           ; --            ; experiment1b_LED_RED_O          ; --             ;
; IP_TOOL_ENV                         ; qsys                                                           ; --            ; experiment1b_PUSH_BUTTON_I      ; --             ;
; IP_TOOL_ENV                         ; qsys                                                           ; --            ; experiment1b_SWITCH_I           ; --             ;
; IP_TOOL_ENV                         ; qsys                                                           ; --            ; experiment1b_addr_router        ; --             ;
; IP_TOOL_ENV                         ; qsys                                                           ; --            ; experiment1b_addr_router_001    ; --             ;
; IP_TOOL_ENV                         ; qsys                                                           ; --            ; experiment1b_cmd_xbar_demux     ; --             ;
; IP_TOOL_ENV                         ; qsys                                                           ; --            ; experiment1b_cmd_xbar_demux_001 ; --             ;
; IP_TOOL_ENV                         ; qsys                                                           ; --            ; experiment1b_cmd_xbar_mux       ; --             ;
; IP_TOOL_ENV                         ; qsys                                                           ; --            ; experiment1b_cpu_0              ; --             ;
; IP_TOOL_ENV                         ; qsys                                                           ; --            ; experiment1b_id_router          ; --             ;
; IP_TOOL_ENV                         ; qsys                                                           ; --            ; experiment1b_id_router_001      ; --             ;
; IP_TOOL_ENV                         ; qsys                                                           ; --            ; experiment1b_id_router_002      ; --             ;
; IP_TOOL_ENV                         ; qsys                                                           ; --            ; experiment1b_irq_mapper         ; --             ;
; IP_TOOL_ENV                         ; qsys                                                           ; --            ; experiment1b_jtag_uart_0        ; --             ;
; IP_TOOL_ENV                         ; qsys                                                           ; --            ; experiment1b_rsp_xbar_demux     ; --             ;
; IP_TOOL_ENV                         ; qsys                                                           ; --            ; experiment1b_rsp_xbar_demux_002 ; --             ;
; IP_TOOL_ENV                         ; qsys                                                           ; --            ; experiment1b_rsp_xbar_mux       ; --             ;
; IP_TOOL_ENV                         ; qsys                                                           ; --            ; experiment1b_rsp_xbar_mux_001   ; --             ;
; IP_TOOL_NAME                        ; altera_avalon_sc_fifo                                          ; --            ; altera_avalon_sc_fifo           ; --             ;
; IP_TOOL_NAME                        ; altera_merlin_burst_adapter                                    ; --            ; altera_merlin_burst_adapter     ; --             ;
; IP_TOOL_NAME                        ; altera_merlin_master_agent                                     ; --            ; altera_merlin_master_agent      ; --             ;
; IP_TOOL_NAME                        ; altera_merlin_master_translator                                ; --            ; altera_merlin_master_translator ; --             ;
; IP_TOOL_NAME                        ; altera_merlin_slave_agent                                      ; --            ; altera_merlin_slave_agent       ; --             ;
; IP_TOOL_NAME                        ; altera_merlin_slave_translator                                 ; --            ; altera_merlin_slave_translator  ; --             ;
; IP_TOOL_NAME                        ; altera_merlin_traffic_limiter                                  ; --            ; altera_merlin_traffic_limiter   ; --             ;
; IP_TOOL_NAME                        ; altera_merlin_width_adapter                                    ; --            ; altera_merlin_width_adapter     ; --             ;
; IP_TOOL_NAME                        ; altera_reset_controller                                        ; --            ; altera_reset_controller         ; --             ;
; IP_TOOL_NAME                        ; qsys                                                           ; --            ; --                              ; --             ;
; IP_TOOL_NAME                        ; altera_avalon_pio                                              ; --            ; experiment1b_LED_GREEN_O        ; --             ;
; IP_TOOL_NAME                        ; altera_avalon_pio                                              ; --            ; experiment1b_LED_RED_O          ; --             ;
; IP_TOOL_NAME                        ; altera_avalon_pio                                              ; --            ; experiment1b_PUSH_BUTTON_I      ; --             ;
; IP_TOOL_NAME                        ; altera_avalon_pio                                              ; --            ; experiment1b_SWITCH_I           ; --             ;
; IP_TOOL_NAME                        ; altera_merlin_router                                           ; --            ; experiment1b_addr_router        ; --             ;
; IP_TOOL_NAME                        ; altera_merlin_router                                           ; --            ; experiment1b_addr_router_001    ; --             ;
; IP_TOOL_NAME                        ; altera_merlin_demultiplexer                                    ; --            ; experiment1b_cmd_xbar_demux     ; --             ;
; IP_TOOL_NAME                        ; altera_merlin_demultiplexer                                    ; --            ; experiment1b_cmd_xbar_demux_001 ; --             ;
; IP_TOOL_NAME                        ; altera_merlin_multiplexer                                      ; --            ; experiment1b_cmd_xbar_mux       ; --             ;
; IP_TOOL_NAME                        ; altera_nios2_qsys                                              ; --            ; experiment1b_cpu_0              ; --             ;
; IP_TOOL_NAME                        ; altera_merlin_router                                           ; --            ; experiment1b_id_router          ; --             ;
; IP_TOOL_NAME                        ; altera_merlin_router                                           ; --            ; experiment1b_id_router_001      ; --             ;
; IP_TOOL_NAME                        ; altera_merlin_router                                           ; --            ; experiment1b_id_router_002      ; --             ;
; IP_TOOL_NAME                        ; altera_irq_mapper                                              ; --            ; experiment1b_irq_mapper         ; --             ;
; IP_TOOL_NAME                        ; altera_avalon_jtag_uart                                        ; --            ; experiment1b_jtag_uart_0        ; --             ;
; IP_TOOL_NAME                        ; altera_merlin_demultiplexer                                    ; --            ; experiment1b_rsp_xbar_demux     ; --             ;
; IP_TOOL_NAME                        ; altera_merlin_demultiplexer                                    ; --            ; experiment1b_rsp_xbar_demux_002 ; --             ;
; IP_TOOL_NAME                        ; altera_merlin_multiplexer                                      ; --            ; experiment1b_rsp_xbar_mux       ; --             ;
; IP_TOOL_NAME                        ; altera_merlin_multiplexer                                      ; --            ; experiment1b_rsp_xbar_mux_001   ; --             ;
; IP_TOOL_VERSION                     ; 12.0                                                           ; --            ; altera_avalon_sc_fifo           ; --             ;
; IP_TOOL_VERSION                     ; 12.0                                                           ; --            ; altera_merlin_burst_adapter     ; --             ;
; IP_TOOL_VERSION                     ; 12.0                                                           ; --            ; altera_merlin_master_agent      ; --             ;
; IP_TOOL_VERSION                     ; 12.0                                                           ; --            ; altera_merlin_master_translator ; --             ;
; IP_TOOL_VERSION                     ; 12.0                                                           ; --            ; altera_merlin_slave_agent       ; --             ;
; IP_TOOL_VERSION                     ; 12.0                                                           ; --            ; altera_merlin_slave_translator  ; --             ;
; IP_TOOL_VERSION                     ; 12.0                                                           ; --            ; altera_merlin_traffic_limiter   ; --             ;
; IP_TOOL_VERSION                     ; 12.0                                                           ; --            ; altera_merlin_width_adapter     ; --             ;
; IP_TOOL_VERSION                     ; 12.0                                                           ; --            ; altera_reset_controller         ; --             ;
; IP_TOOL_VERSION                     ; 12.0sp2                                                        ; --            ; --                              ; --             ;
; IP_TOOL_VERSION                     ; 12.0                                                           ; --            ; experiment1b_LED_GREEN_O        ; --             ;
; IP_TOOL_VERSION                     ; 12.0                                                           ; --            ; experiment1b_LED_RED_O          ; --             ;
; IP_TOOL_VERSION                     ; 12.0                                                           ; --            ; experiment1b_PUSH_BUTTON_I      ; --             ;
; IP_TOOL_VERSION                     ; 12.0                                                           ; --            ; experiment1b_SWITCH_I           ; --             ;
; IP_TOOL_VERSION                     ; 12.0                                                           ; --            ; experiment1b_addr_router        ; --             ;
; IP_TOOL_VERSION                     ; 12.0                                                           ; --            ; experiment1b_addr_router_001    ; --             ;
; IP_TOOL_VERSION                     ; 12.0                                                           ; --            ; experiment1b_cmd_xbar_demux     ; --             ;
; IP_TOOL_VERSION                     ; 12.0                                                           ; --            ; experiment1b_cmd_xbar_demux_001 ; --             ;
; IP_TOOL_VERSION                     ; 12.0                                                           ; --            ; experiment1b_cmd_xbar_mux       ; --             ;
; IP_TOOL_VERSION                     ; 12.0                                                           ; --            ; experiment1b_cpu_0              ; --             ;
; IP_TOOL_VERSION                     ; 12.0                                                           ; --            ; experiment1b_id_router          ; --             ;
; IP_TOOL_VERSION                     ; 12.0                                                           ; --            ; experiment1b_id_router_001      ; --             ;
; IP_TOOL_VERSION                     ; 12.0                                                           ; --            ; experiment1b_id_router_002      ; --             ;
; IP_TOOL_VERSION                     ; 12.0                                                           ; --            ; experiment1b_irq_mapper         ; --             ;
; IP_TOOL_VERSION                     ; 12.0                                                           ; --            ; experiment1b_jtag_uart_0        ; --             ;
; IP_TOOL_VERSION                     ; 12.0                                                           ; --            ; experiment1b_rsp_xbar_demux     ; --             ;
; IP_TOOL_VERSION                     ; 12.0                                                           ; --            ; experiment1b_rsp_xbar_demux_002 ; --             ;
; IP_TOOL_VERSION                     ; 12.0                                                           ; --            ; experiment1b_rsp_xbar_mux       ; --             ;
; IP_TOOL_VERSION                     ; 12.0                                                           ; --            ; experiment1b_rsp_xbar_mux_001   ; --             ;
; MAX_CORE_JUNCTION_TEMP              ; 85                                                             ; --            ; --                              ; --             ;
; MIN_CORE_JUNCTION_TEMP              ; 0                                                              ; --            ; --                              ; --             ;
; MISC_FILE                           ; experiment1b/synthesis/../../experiment1b.sopcinfo             ; --            ; --                              ; --             ;
; MISC_FILE                           ; experiment1b/synthesis/../../experiment1b.qsys                 ; --            ; --                              ; --             ;
; PARTITION_COLOR                     ; 16764057                                                       ; --            ; --                              ; Top            ;
; PARTITION_FITTER_PRESERVATION_LEVEL ; PLACEMENT                                                      ; --            ; --                              ; Top            ;
; PARTITION_NETLIST_TYPE              ; POST_FIT                                                       ; --            ; --                              ; Top            ;
; POWER_BOARD_THERMAL_MODEL           ; None (CONSERVATIVE)                                            ; --            ; --                              ; --             ;
; POWER_PRESET_COOLING_SOLUTION       ; 23 MM HEAT SINK WITH 200 LFPM AIRFLOW                          ; --            ; --                              ; --             ;
; SLD_INFO                            ; QSYS_NAME experiment1b HAS_SOPCINFO 1 GENERATION_ID 1516912270 ; --            ; --                              ; --             ;
; SYNTHESIS_ONLY_QIP                  ; On                                                             ; --            ; --                              ; --             ;
; VERILOG_INPUT_VERSION               ; SystemVerilog_2005                                             ; Verilog_2001  ; --                              ; --             ;
; VERILOG_SHOW_LMF_MAPPING_MESSAGES   ; Off                                                            ; --            ; --                              ; --             ;
+-------------------------------------+----------------------------------------------------------------+---------------+---------------------------------+----------------+


+-------------------------------------------------------------------------------------------------------------------------------+
; Flow Elapsed Time                                                                                                             ;
+---------------------------+--------------+-------------------------+---------------------+------------------------------------+
; Module Name               ; Elapsed Time ; Average Processors Used ; Peak Virtual Memory ; Total CPU Time (on all processors) ;
+---------------------------+--------------+-------------------------+---------------------+------------------------------------+
; Analysis & Synthesis      ; 00:00:10     ; 1.0                     ; --                  ; 00:00:09                           ;
; Analysis & Synthesis      ; 00:00:08     ; 1.0                     ; --                  ; 00:00:08                           ;
; Analysis & Synthesis      ; 00:00:06     ; 1.0                     ; --                  ; 00:00:06                           ;
; Analysis & Synthesis      ; 00:00:29     ; 1.7                     ; --                  ; 00:00:33                           ;
; Partition Merge           ; 00:00:02     ; 1.0                     ; --                  ; 00:00:02                           ;
; Fitter                    ; 00:00:29     ; 1.7                     ; --                  ; 00:00:37                           ;
; TimeQuest Timing Analyzer ; 00:00:02     ; 1.0                     ; --                  ; 00:00:02                           ;
; Assembler                 ; 00:00:03     ; 1.0                     ; --                  ; 00:00:03                           ;
; Analysis & Synthesis      ; 00:00:27     ; 1.0                     ; --                  ; 00:00:26                           ;
; Partition Merge           ; 00:00:02     ; 1.0                     ; --                  ; 00:00:02                           ;
; Fitter                    ; 00:00:27     ; 2.5                     ; --                  ; 00:00:34                           ;
; TimeQuest Timing Analyzer ; 00:00:02     ; 1.0                     ; --                  ; 00:00:02                           ;
; Assembler                 ; 00:00:03     ; 1.0                     ; --                  ; 00:00:03                           ;
; Analysis & Synthesis      ; 00:00:25     ; 1.0                     ; --                  ; 00:00:24                           ;
; Partition Merge           ; 00:00:02     ; 1.0                     ; --                  ; 00:00:02                           ;
; Fitter                    ; 00:00:26     ; 2.1                     ; --                  ; 00:00:34                           ;
; TimeQuest Timing Analyzer ; 00:00:02     ; 1.0                     ; --                  ; 00:00:02                           ;
; Assembler                 ; 00:00:04     ; 1.0                     ; --                  ; 00:00:03                           ;
; Analysis & Synthesis      ; 00:00:23     ; 1.0                     ; --                  ; 00:00:23                           ;
; Partition Merge           ; 00:00:02     ; 1.0                     ; --                  ; 00:00:02                           ;
; Fitter                    ; 00:00:26     ; 1.8                     ; --                  ; 00:00:32                           ;
; TimeQuest Timing Analyzer ; 00:00:03     ; 1.0                     ; --                  ; 00:00:02                           ;
; Assembler                 ; 00:00:03     ; 1.0                     ; --                  ; 00:00:03                           ;
; Analysis & Synthesis      ; 00:00:23     ; 1.0                     ; --                  ; 00:00:22                           ;
; Partition Merge           ; 00:00:02     ; 1.0                     ; --                  ; 00:00:02                           ;
; Fitter                    ; 00:00:25     ; 1.8                     ; --                  ; 00:00:33                           ;
; TimeQuest Timing Analyzer ; 00:00:03     ; 1.0                     ; --                  ; 00:00:02                           ;
; Assembler                 ; 00:00:03     ; 1.0                     ; --                  ; 00:00:03                           ;
; Analysis & Synthesis      ; 00:00:25     ; 1.0                     ; --                  ; 00:00:23                           ;
; Partition Merge           ; 00:00:02     ; 1.0                     ; --                  ; 00:00:02                           ;
; Fitter                    ; 00:00:30     ; 1.6                     ; --                  ; 00:00:31                           ;
; TimeQuest Timing Analyzer ; 00:00:02     ; 1.0                     ; --                  ; 00:00:02                           ;
; Assembler                 ; 00:00:03     ; 1.0                     ; --                  ; 00:00:03                           ;
; Analysis & Synthesis      ; 00:00:23     ; 1.0                     ; --                  ; 00:00:22                           ;
; Partition Merge           ; 00:00:02     ; 1.0                     ; --                  ; 00:00:02                           ;
; Fitter                    ; 00:00:25     ; 1.7                     ; --                  ; 00:00:32                           ;
; TimeQuest Timing Analyzer ; 00:00:02     ; 1.0                     ; --                  ; 00:00:02                           ;
; Assembler                 ; 00:00:04     ; 1.0                     ; --                  ; 00:00:03                           ;
; Analysis & Synthesis      ; 00:00:23     ; 1.0                     ; --                  ; 00:00:23                           ;
; Partition Merge           ; 00:00:03     ; 1.0                     ; --                  ; 00:00:02                           ;
; Fitter                    ; 00:00:28     ; 2.7                     ; --                  ; 00:00:36                           ;
; TimeQuest Timing Analyzer ; 00:00:03     ; 1.0                     ; --                  ; 00:00:02                           ;
; Assembler                 ; 00:00:04     ; 1.0                     ; --                  ; 00:00:03                           ;
; Analysis & Synthesis      ; 00:00:11     ; 1.0                     ; --                  ; 00:00:10                           ;
; Partition Merge           ; 00:00:02     ; 1.0                     ; --                  ; 00:00:02                           ;
; Fitter                    ; 00:00:23     ; 1.5                     ; --                  ; 00:00:28                           ;
; TimeQuest Timing Analyzer ; 00:00:03     ; 1.0                     ; --                  ; 00:00:02                           ;
; Assembler                 ; 00:00:03     ; 1.0                     ; --                  ; 00:00:03                           ;
; Analysis & Synthesis      ; 00:00:27     ; 1.0                     ; --                  ; 00:00:26                           ;
; Partition Merge           ; 00:00:03     ; 1.0                     ; --                  ; 00:00:02                           ;
; Fitter                    ; 00:00:29     ; 1.5                     ; --                  ; 00:00:35                           ;
; TimeQuest Timing Analyzer ; 00:00:02     ; 1.0                     ; --                  ; 00:00:02                           ;
; Assembler                 ; 00:00:03     ; 1.0                     ; --                  ; 00:00:03                           ;
; Total                     ; 00:10:07     ; --                      ; --                  ; 00:10:57                           ;
+---------------------------+--------------+-------------------------+---------------------+------------------------------------+


+--------------------------------------------------------------------------------------+
; Flow OS Summary                                                                      ;
+---------------------------+------------------+---------+------------+----------------+
; Module Name               ; Machine Hostname ; OS Name ; OS Version ; Processor type ;
+---------------------------+------------------+---------+------------+----------------+
; Analysis & Synthesis      ; rh-itb-AB109-13  ; Red Hat ; 5          ; x86_64         ;
; Analysis & Synthesis      ; rh-itb-AB109-13  ; Red Hat ; 5          ; x86_64         ;
; Analysis & Synthesis      ; rh-itb-AB109-13  ; Red Hat ; 5          ; x86_64         ;
; Analysis & Synthesis      ; rh-itb-AB109-13  ; Red Hat ; 5          ; x86_64         ;
; Partition Merge           ; rh-itb-AB109-13  ; Red Hat ; 5          ; x86_64         ;
; Fitter                    ; rh-itb-AB109-13  ; Red Hat ; 5          ; x86_64         ;
; TimeQuest Timing Analyzer ; rh-itb-AB109-13  ; Red Hat ; 5          ; x86_64         ;
; Assembler                 ; rh-itb-AB109-13  ; Red Hat ; 5          ; x86_64         ;
; Analysis & Synthesis      ; rh-itb-AB109-13  ; Red Hat ; 5          ; x86_64         ;
; Partition Merge           ; rh-itb-AB109-13  ; Red Hat ; 5          ; x86_64         ;
; Fitter                    ; rh-itb-AB109-13  ; Red Hat ; 5          ; x86_64         ;
; TimeQuest Timing Analyzer ; rh-itb-AB109-13  ; Red Hat ; 5          ; x86_64         ;
; Assembler                 ; rh-itb-AB109-13  ; Red Hat ; 5          ; x86_64         ;
; Analysis & Synthesis      ; rh-itb-AB109-13  ; Red Hat ; 5          ; x86_64         ;
; Partition Merge           ; rh-itb-AB109-13  ; Red Hat ; 5          ; x86_64         ;
; Fitter                    ; rh-itb-AB109-13  ; Red Hat ; 5          ; x86_64         ;
; TimeQuest Timing Analyzer ; rh-itb-AB109-13  ; Red Hat ; 5          ; x86_64         ;
; Assembler                 ; rh-itb-AB109-13  ; Red Hat ; 5          ; x86_64         ;
; Analysis & Synthesis      ; rh-itb-AB109-16  ; Red Hat ; 5          ; x86_64         ;
; Partition Merge           ; rh-itb-AB109-16  ; Red Hat ; 5          ; x86_64         ;
; Fitter                    ; rh-itb-AB109-16  ; Red Hat ; 5          ; x86_64         ;
; TimeQuest Timing Analyzer ; rh-itb-AB109-16  ; Red Hat ; 5          ; x86_64         ;
; Assembler                 ; rh-itb-AB109-16  ; Red Hat ; 5          ; x86_64         ;
; Analysis & Synthesis      ; rh-itb-AB109-16  ; Red Hat ; 5          ; x86_64         ;
; Partition Merge           ; rh-itb-AB109-16  ; Red Hat ; 5          ; x86_64         ;
; Fitter                    ; rh-itb-AB109-16  ; Red Hat ; 5          ; x86_64         ;
; TimeQuest Timing Analyzer ; rh-itb-AB109-16  ; Red Hat ; 5          ; x86_64         ;
; Assembler                 ; rh-itb-AB109-16  ; Red Hat ; 5          ; x86_64         ;
; Analysis & Synthesis      ; rh-itb-AB109-14  ; Red Hat ; 5          ; x86_64         ;
; Partition Merge           ; rh-itb-AB109-14  ; Red Hat ; 5          ; x86_64         ;
; Fitter                    ; rh-itb-AB109-14  ; Red Hat ; 5          ; x86_64         ;
; TimeQuest Timing Analyzer ; rh-itb-AB109-14  ; Red Hat ; 5          ; x86_64         ;
; Assembler                 ; rh-itb-AB109-14  ; Red Hat ; 5          ; x86_64         ;
; Analysis & Synthesis      ; rh-itb-AB109-14  ; Red Hat ; 5          ; x86_64         ;
; Partition Merge           ; rh-itb-AB109-14  ; Red Hat ; 5          ; x86_64         ;
; Fitter                    ; rh-itb-AB109-14  ; Red Hat ; 5          ; x86_64         ;
; TimeQuest Timing Analyzer ; rh-itb-AB109-14  ; Red Hat ; 5          ; x86_64         ;
; Assembler                 ; rh-itb-AB109-14  ; Red Hat ; 5          ; x86_64         ;
; Analysis & Synthesis      ; rh-itb-AB109-13  ; Red Hat ; 5          ; x86_64         ;
; Partition Merge           ; rh-itb-AB109-13  ; Red Hat ; 5          ; x86_64         ;
; Fitter                    ; rh-itb-AB109-13  ; Red Hat ; 5          ; x86_64         ;
; TimeQuest Timing Analyzer ; rh-itb-AB109-13  ; Red Hat ; 5          ; x86_64         ;
; Assembler                 ; rh-itb-AB109-13  ; Red Hat ; 5          ; x86_64         ;
; Analysis & Synthesis      ; rh-itb-AB109-14  ; Red Hat ; 5          ; x86_64         ;
; Partition Merge           ; rh-itb-AB109-14  ; Red Hat ; 5          ; x86_64         ;
; Fitter                    ; rh-itb-AB109-14  ; Red Hat ; 5          ; x86_64         ;
; TimeQuest Timing Analyzer ; rh-itb-AB109-14  ; Red Hat ; 5          ; x86_64         ;
; Assembler                 ; rh-itb-AB109-14  ; Red Hat ; 5          ; x86_64         ;
; Analysis & Synthesis      ; rh-itb-AB109-14  ; Red Hat ; 5          ; x86_64         ;
; Partition Merge           ; rh-itb-AB109-14  ; Red Hat ; 5          ; x86_64         ;
; Fitter                    ; rh-itb-AB109-14  ; Red Hat ; 5          ; x86_64         ;
; TimeQuest Timing Analyzer ; rh-itb-AB109-14  ; Red Hat ; 5          ; x86_64         ;
; Assembler                 ; rh-itb-AB109-14  ; Red Hat ; 5          ; x86_64         ;
+---------------------------+------------------+---------+------------+----------------+


------------
; Flow Log ;
------------
quartus_map --read_settings_files=on --write_settings_files=off experiment1b -c experiment1b
quartus_map --read_settings_files=on --write_settings_files=off experiment1b -c experiment1b
quartus_map --read_settings_files=on --write_settings_files=off experiment1b -c experiment1b
quartus_map --read_settings_files=on --write_settings_files=off experiment1b -c experiment1b
quartus_cdb --read_settings_files=off --write_settings_files=off experiment1b -c experiment1b --merge=on
quartus_fit --read_settings_files=off --write_settings_files=off experiment1b -c experiment1b
quartus_sta experiment1b -c experiment1b
quartus_asm --read_settings_files=off --write_settings_files=off experiment1b -c experiment1b
quartus_map --read_settings_files=on --write_settings_files=off experiment1b -c experiment1b
quartus_cdb --read_settings_files=off --write_settings_files=off experiment1b -c experiment1b --merge=on
quartus_fit --read_settings_files=off --write_settings_files=off experiment1b -c experiment1b
quartus_sta experiment1b -c experiment1b
quartus_asm --read_settings_files=off --write_settings_files=off experiment1b -c experiment1b
quartus_map --read_settings_files=on --write_settings_files=off experiment1b -c experiment1b
quartus_cdb --read_settings_files=off --write_settings_files=off experiment1b -c experiment1b --merge=on
quartus_fit --read_settings_files=off --write_settings_files=off experiment1b -c experiment1b
quartus_sta experiment1b -c experiment1b
quartus_asm --read_settings_files=off --write_settings_files=off experiment1b -c experiment1b
quartus_map --read_settings_files=on --write_settings_files=off experiment1b -c experiment1b
quartus_cdb --read_settings_files=off --write_settings_files=off experiment1b -c experiment1b --merge=on
quartus_fit --read_settings_files=off --write_settings_files=off experiment1b -c experiment1b
quartus_sta experiment1b -c experiment1b
quartus_asm --read_settings_files=off --write_settings_files=off experiment1b -c experiment1b
quartus_map --read_settings_files=on --write_settings_files=off experiment1b -c experiment1b
quartus_cdb --read_settings_files=off --write_settings_files=off experiment1b -c experiment1b --merge=on
quartus_fit --read_settings_files=off --write_settings_files=off experiment1b -c experiment1b
quartus_sta experiment1b -c experiment1b
quartus_asm --read_settings_files=off --write_settings_files=off experiment1b -c experiment1b
quartus_map --read_settings_files=on --write_settings_files=off experiment1b -c experiment1b
quartus_cdb --read_settings_files=off --write_settings_files=off experiment1b -c experiment1b --merge=on
quartus_fit --read_settings_files=off --write_settings_files=off experiment1b -c experiment1b
quartus_sta experiment1b -c experiment1b
quartus_asm --read_settings_files=off --write_settings_files=off experiment1b -c experiment1b
quartus_map --read_settings_files=on --write_settings_files=off experiment1b -c experiment1b
quartus_cdb --read_settings_files=off --write_settings_files=off experiment1b -c experiment1b --merge=on
quartus_fit --read_settings_files=off --write_settings_files=off experiment1b -c experiment1b
quartus_sta experiment1b -c experiment1b
quartus_asm --read_settings_files=off --write_settings_files=off experiment1b -c experiment1b
quartus_map --read_settings_files=on --write_settings_files=off experiment1b -c experiment1b
quartus_cdb --read_settings_files=off --write_settings_files=off experiment1b -c experiment1b --merge=on
quartus_fit --read_settings_files=off --write_settings_files=off experiment1b -c experiment1b
quartus_sta experiment1b -c experiment1b
quartus_asm --read_settings_files=off --write_settings_files=off experiment1b -c experiment1b
quartus_map --read_settings_files=on --write_settings_files=off experiment1b -c experiment1b
quartus_cdb --read_settings_files=off --write_settings_files=off experiment1b -c experiment1b --merge=on
quartus_fit --read_settings_files=off --write_settings_files=off experiment1b -c experiment1b
quartus_sta experiment1b -c experiment1b
quartus_asm --read_settings_files=off --write_settings_files=off experiment1b -c experiment1b
quartus_map --read_settings_files=on --write_settings_files=off experiment1b -c experiment1b
quartus_cdb --read_settings_files=off --write_settings_files=off experiment1b -c experiment1b --merge=on
quartus_fit --read_settings_files=off --write_settings_files=off experiment1b -c experiment1b
quartus_sta experiment1b -c experiment1b
quartus_asm --read_settings_files=off --write_settings_files=off experiment1b -c experiment1b



