
**** Build of configuration Nios II for project experiment3a ****

make all 
Info: Building ../experiment3a_bsp/
make --no-print-directory -C ../experiment3a_bsp/
[BSP build complete]
Info: Compiling experiment3a.c to obj/default/experiment3a.o
nios2-elf-gcc -xc -MP -MMD -c -I../experiment3a_bsp//HAL/inc -I../experiment3a_bsp/ -I../experiment3a_bsp//drivers/inc  -DSYSTEM_BUS_WIDTH=32 -pipe -D__hal__ -DALT_NO_C_PLUS_PLUS -DALT_NO_CLEAN_EXIT -DALT_NO_EXIT -DALT_USE_DIRECT_DRIVERS -DALT_NO_INSTRUCTION_EMULATION -DALT_USE_SMALL_DRIVERS -DSMALL_C_LIB -DALT_SINGLE_THREADED    -Os -g -Wall   -EL -mno-hw-div -mno-hw-mul -mno-hw-mulx  -o obj/default/experiment3a.o experiment3a.c
experiment3a.c: In function 'main':
experiment3a.c:256: warning: implicit declaration of function 'sprintf'
experiment3a.c:256: warning: incompatible implicit declaration of built-in function 'sprintf'
experiment3a.c:256: warning: format '%d' expects type 'int', but argument 3 has type 'alt_u32'
experiment3a.c:257: warning: format '%d' expects type 'int', but argument 3 has type 'alt_u32'
experiment3a.c:310: warning: implicit declaration of function 'printf'
experiment3a.c:310: warning: incompatible implicit declaration of built-in function 'printf'
experiment3a.c:329: warning: implicit declaration of function 'usleep'
experiment3a.c:96: warning: unused variable 'b'
experiment3a.c:95: warning: unused variable 'a'
experiment3a.c:100: warning: 'switch_val_buf' may be used uninitialized in this function
Info: Linking experiment3a.elf
nios2-elf-g++  -T'../experiment3a_bsp//linker.x' -msys-crt0='../experiment3a_bsp//obj/HAL/src/crt0.o' -msys-lib=hal_bsp -L../experiment3a_bsp/  -Wl,--defsym,exit=_exit -msmallc  -Wl,-Map=experiment3a.map   -Os -g -Wall   -EL -mno-hw-div -mno-hw-mul -mno-hw-mulx  -o experiment3a.elf obj/default/experiment3a.o -lm 
nios2-elf-insert experiment3a.elf --thread_model hal --cpu_name cpu_0 --qsys true --simulation_enabled false --stderr_dev jtag_uart_0 --stdin_dev jtag_uart_0 --stdout_dev jtag_uart_0 --sopc_system_name experiment3a --quartus_project_dir "/home/ECE/ganesr3/Desktop/coe4ds4_lab2_workingdirectory_2018/exercise2" --sopcinfo /home/ECE/ganesr3/Desktop/coe4ds4_lab2_workingdirectory_2018/exercise2/software/experiment3a_bsp/../../experiment3a.sopcinfo
Info: (experiment3a.elf) 6644 Bytes program size (code + initialized data).
Info:                    9348 Bytes free for stack + heap.
Info: Creating experiment3a.objdump
nios2-elf-objdump --disassemble --syms --all-header --source experiment3a.elf >experiment3a.objdump
[experiment3a build complete]
